<?xml version="1.0" encoding="UTF-8"?>
<!-- Generated by org.testng.reporters.JUnitXMLReporter -->
<testsuite ignored="2" hostname="LAPTOP-P69IVOIF" failures="2" tests="5" name="TestAll" time="93.957" errors="0" timestamp="2021-07-11T15:05:28 EDT">
  <testcase classname="com.nopcommerce.testCases.TC_LoginTestDDT_002" name="loginTest" time="23.049"/>
  <testcase classname="com.nopcommerce.testCases.TC_LoginTestDDT_002" name="loginTest" time="16.581"/>
  <testcase classname="com.nopcommerce.testCases.TC_LoginTestDDT_002" name="loginTest" time="16.82">
    <failure type="java.lang.AssertionError" message="Login failed, please check username and password">
      <![CDATA[java.lang.AssertionError: Login failed, please check username and password
at org.junit.Assert.fail(Assert.java:88)
at org.junit.Assert.assertTrue(Assert.java:41)
at com.nopcommerce.testCases.TC_LoginTestDDT_002.loginTest(TC_LoginTestDDT_002.java:45)
at java.base/java.util.ArrayList.forEach(ArrayList.java:1511)
... Removed 27 stack frames]]>
    </failure>
  </testcase> <!-- loginTest -->
  <testcase classname="com.nopcommerce.testCases.TC_LoginTestDDT_002" name="loginTest" time="16.709">
    <failure type="java.lang.AssertionError" message="Login failed, please check username and password">
      <![CDATA[java.lang.AssertionError: Login failed, please check username and password
at org.junit.Assert.fail(Assert.java:88)
at org.junit.Assert.assertTrue(Assert.java:41)
at com.nopcommerce.testCases.TC_LoginTestDDT_002.loginTest(TC_LoginTestDDT_002.java:45)
at java.base/java.util.ArrayList.forEach(ArrayList.java:1511)
... Removed 27 stack frames]]>
    </failure>
  </testcase> <!-- loginTest -->
  <testcase classname="com.nopcommerce.testCases.TC_LoginTest_001" name="LoginTest" time="8.542"/>
  <testcase classname="com.nopcommerce.testCases.BaseClass" name="@AfterTest close" time="0.0">
    <ignored/>
  </testcase> <!-- @AfterTest close -->
  <testcase classname="com.nopcommerce.testCases.BaseClass" name="@BeforeTest setup" time="0.0">
    <ignored/>
  </testcase> <!-- @BeforeTest setup -->
</testsuite> <!-- TestAll -->
