<?xml version="1.0" encoding="UTF-8"?>
<!-- Generated by org.testng.reporters.JUnitXMLReporter -->
<testsuite ignored="0" hostname="LAPTOP-P69IVOIF" failures="2" tests="4" name="LoginTestDataProvider" time="103.93" errors="0" timestamp="2021-07-11T16:09:33 EDT">
  <testcase classname="com.nopcommerce.testCases.LoginTestDataProvider" name="loginTest" time="17.416"/>
  <testcase classname="com.nopcommerce.testCases.LoginTestDataProvider" name="loginTest" time="18.033"/>
  <testcase classname="com.nopcommerce.testCases.LoginTestDataProvider" name="loginTest" time="18.605">
    <failure type="java.lang.AssertionError" message="Login failed, please check username and password">
      <![CDATA[java.lang.AssertionError: Login failed, please check username and password
at org.junit.Assert.fail(Assert.java:88)
at com.nopcommerce.testCases.LoginTestDataProvider.loginTest(LoginTestDataProvider.java:83)
at java.base/java.util.ArrayList.forEach(ArrayList.java:1511)
... Removed 27 stack frames]]>
    </failure>
  </testcase> <!-- loginTest -->
  <testcase classname="com.nopcommerce.testCases.LoginTestDataProvider" name="loginTest" time="18.708">
    <failure type="java.lang.AssertionError" message="Login failed, please check username and password">
      <![CDATA[java.lang.AssertionError: Login failed, please check username and password
at org.junit.Assert.fail(Assert.java:88)
at com.nopcommerce.testCases.LoginTestDataProvider.loginTest(LoginTestDataProvider.java:83)
at java.base/java.util.ArrayList.forEach(ArrayList.java:1511)
... Removed 27 stack frames]]>
    </failure>
  </testcase> <!-- loginTest -->
</testsuite> <!-- LoginTestDataProvider -->
